<?xml version="1.0" encoding="UTF-8"?>
<!-- Generated by org.testng.reporters.JUnitReportReporter -->
<testsuite hostname="ShareefDell" failures="0" tests="1" name="testNGExamples.TestExample10" time="0.025" errors="0" timestamp="07 Jan 2024 06:47:54 GMT" skipped="0">
  <testcase classname="testNGExamples.TestExample10" name="ncLogin" time="0.025"/>
</testsuite> <!-- testNGExamples.TestExample10 -->
