<?xml version="1.0" encoding="UTF-8"?>
<!-- Generated by org.testng.reporters.JUnitReportReporter -->
<testsuite hostname="ShareefDell" failures="0" tests="1" name="testNGExamples.TestExample1" time="0.002" errors="0" timestamp="07 Jan 2024 11:31:41 GMT" skipped="0">
  <testcase classname="testNGExamples.TestExample1" name="method1" time="0.002"/>
</testsuite> <!-- testNGExamples.TestExample1 -->
