<?xml version="1.0" encoding="UTF-8"?>
<!-- Generated by org.testng.reporters.JUnitReportReporter -->
<testsuite hostname="ShareefDell" failures="0" tests="1" name="testNGExamples.TestExample3" time="18.744" errors="0" timestamp="07 Jan 2024 11:31:41 GMT" skipped="0">
  <testcase classname="testNGExamples.TestExample3" name="ncLogin" time="18.744"/>
</testsuite> <!-- testNGExamples.TestExample3 -->
