<?xml version="1.0" encoding="UTF-8"?>
<!-- Generated by org.testng.reporters.JUnitReportReporter -->
<testsuite hostname="ShareefDell" failures="0" tests="2" name="testNGExamples.TestExample12" time="0.050" errors="0" timestamp="07 Jan 2024 11:31:41 GMT" skipped="0">
  <testcase classname="testNGExamples.TestExample12" name="ncLogin2" time="0.011"/>
  <testcase classname="testNGExamples.TestExample12" name="ncLogin2" time="0.039"/>
</testsuite> <!-- testNGExamples.TestExample12 -->
