<?xml version="1.0" encoding="UTF-8"?>
<!-- Generated by org.testng.reporters.JUnitReportReporter -->
<testsuite hostname="ShareefDell" failures="0" tests="2" name="testNGExamples.TestExample11" time="0.030" errors="0" timestamp="07 Jan 2024 07:40:47 GMT" skipped="0">
  <testcase classname="testNGExamples.TestExample11" name="ncLogin2" time="0.005"/>
  <testcase classname="testNGExamples.TestExample11" name="ncLogin2" time="0.025"/>
</testsuite> <!-- testNGExamples.TestExample11 -->
