<?xml version="1.0" encoding="UTF-8"?>
<!-- Generated by org.testng.reporters.JUnitReportReporter -->
<testsuite hostname="ShareefDell" failures="0" tests="3" name="testNGExamples.TestExample6" time="0.005" errors="0" timestamp="07 Jan 2024 11:31:41 GMT" skipped="1">
  <testcase classname="testNGExamples.TestExample6" name="Dashboard" time="0.002"/>
  <testcase classname="testNGExamples.TestExample6" name="catalog" time="0.003"/>
  <testcase classname="testNGExamples.TestExample6" name="Login">
    <skipped/>
  </testcase> <!-- Login -->
</testsuite> <!-- testNGExamples.TestExample6 -->
