<?xml version="1.0" encoding="UTF-8"?>
<!-- Generated by org.testng.reporters.JUnitReportReporter -->
<testsuite hostname="ShareefDell" failures="0" tests="2" name="testNGExamples.TestExample2" time="0.010" errors="0" timestamp="07 Jan 2024 11:31:41 GMT" skipped="0">
  <testcase classname="testNGExamples.TestExample2" name="testMethod1" time="0.004"/>
  <testcase classname="testNGExamples.TestExample2" name="testMethod2" time="0.006"/>
</testsuite> <!-- testNGExamples.TestExample2 -->
